<?xml version="1.0" encoding="UTF-8"?>
<!-- Generated by org.testng.reporters.JUnitXMLReporter -->
<testsuite ignored="0" hostname="DESKTOP-F8IID4M" failures="0" tests="4" name="Default test" time="27.508" errors="0" timestamp="2023-08-18T11:55:11 BDT">
  <testcase classname="FormValidation" name="VerifyLoginWithValidEmailAndPassword" time="9.91"/>
  <testcase classname="FormValidation" name="VerifyLoginWithInValidEmail" time="4.742"/>
  <testcase classname="FormValidation" name="VerifyLoginWithInvalidPassword" time="5.17"/>
  <testcase classname="FormValidation" name="VerifyLoginWithInvalidEmailAndInvalidPassword" time="5.189"/>
</testsuite> <!-- Default test -->
